0 NODO X 0: EMPATE(0) 
	1 NODO O 3: EMPATE(0) 
		2 NODO X 5: EMPATE(0) 
			3 NODO O 7: EMPATE(0) 
		2 NODO X 7: EMPATE(0) 
			3 NODO O 5: GANA O(-2) 
	1 NODO O 5: GANA O(-1) 
	1 NODO O 7: EMPATE(0) 
		2 NODO X 3: GANA X(1) 
		2 NODO X 5: EMPATE(0) 
			3 NODO O 3: EMPATE(0) 
0 NODO X 3: EMPATE(0) 
	1 NODO O 0: GANA O(-1) 
	1 NODO O 5: GANA O(-1) 
	1 NODO O 7: EMPATE(0) 
		2 NODO X 0: GANA X(1) 
		2 NODO X 5: EMPATE(0) 
			3 NODO O 0: GANA O(-1) 
0 NODO X 5: EMPATE(0) 
	1 NODO O 0: GANA O(-1) 
	1 NODO O 3: EMPATE(0) 
		2 NODO X 0: EMPATE(0) 
			3 NODO O 7: EMPATE(0) 
		2 NODO X 7: EMPATE(0) 
			3 NODO O 0: GANA O(-1) 
	1 NODO O 7: EMPATE(0) 
		2 NODO X 0: EMPATE(0) 
			3 NODO O 3: EMPATE(0) 
		2 NODO X 3: EMPATE(0) 
			3 NODO O 0: GANA O(-1) 
0 NODO X 7: EMPATE(0) 
	1 NODO O 0: GANA O(-1) 
	1 NODO O 3: EMPATE(0) 
		2 NODO X 0: EMPATE(0) 
			3 NODO O 5: GANA O(-2) 
		2 NODO X 5: EMPATE(0) 
			3 NODO O 0: GANA O(-1) 
	1 NODO O 5: GANA O(-1) 
